--------------------------------------------------------------------------------
      name:  <unnamed>
       log:  C:\Users\Danny\Desktop\ECON 120B\HW1\output/HW2.log
  log type:  text
 opened on:  18 Jan 2023, 19:26:21

. 
. use data/baseballsalaries.dta

. 
. describe

Contains data from data/baseballsalaries.dta
 Observations:            30                  
    Variables:             5                  18 Jan 2012 19:34
--------------------------------------------------------------------------------
Variable      Storage   Display    Value
    name         type    format    label      Variable label
--------------------------------------------------------------------------------
team            str12   %12s                  Team
playoffs        byte    %8.0g                 1=made playoffs, 0=did not make
                                                playoffs
payroll         double  %12.0g                Payroll in dollars
wins            int     %8.0g                 Wins
losses          int     %8.0g                 Losses
--------------------------------------------------------------------------------
Sorted by: 

. summarize

    Variable |        Obs        Mean    Std. dev.       Min        Max
-------------+---------------------------------------------------------
        team |          0
    playoffs |         30    .2666667    .4497764          0          1
     payroll |         30    42170.28    17830.28     8317.5   73995.92
        wins |         30          81    13.52902         54        114
      losses |         30          81    13.45491         48        108

. 
. ****Q1
. summarize payroll

    Variable |        Obs        Mean    Std. dev.       Min        Max
-------------+---------------------------------------------------------
     payroll |         30    42170.28    17830.28     8317.5   73995.92

. 
. display "Average payroll (in thousands) = " `r(mean)'
Average payroll (in thousands) = 42170.282

. return list

scalars:
                  r(N) =  30
              r(sum_w) =  30
               r(mean) =  42170.28226666667
                r(Var) =  317918867.8217901
                 r(sd) =  17830.27952169539
                r(min) =  8317.5
                r(max) =  73995.921
                r(sum) =  1265108.468

. ****Q2
. generate total_games = wins + losses

. generate win_percentage = (wins/total_games)*100

. 
. label var total_games "Total games won by a team"

. label var win_percentage "Average percentage of games won"

. 
. sum win_percentage

    Variable |        Obs        Mean    Std. dev.       Min        Max
-------------+---------------------------------------------------------
win_percen~e |         30    49.99632    8.327284   33.33333   70.37037

. di "Percentage of games won by a team = " `r(mean)'
Percentage of games won by a team = 49.996319

. 
. ****Q3
. twoway scatter win_percentage payroll, title("Winning percentage vs payroll")

. graph export "output/graph.png",replace
file output/graph.png saved as PNG format

. 
. ****Q4
. ttest payroll, by(playoffs)

Two-sample t test with equal variances
------------------------------------------------------------------------------
   Group |     Obs        Mean    Std. err.   Std. dev.   [95% conf. interval]
---------+--------------------------------------------------------------------
       0 |      22    36337.84    3590.465    16840.77    28871.06    43804.62
       1 |       8    58209.49    2857.861    8083.251    51451.72    64967.26
---------+--------------------------------------------------------------------
Combined |      30    42170.28    3255.349    17830.28    35512.35    48828.22
---------+--------------------------------------------------------------------
    diff |           -21871.65    6248.319               -34670.75   -9072.547
------------------------------------------------------------------------------
    diff = mean(0) - mean(1)                                      t =  -3.5004
H0: diff = 0                                     Degrees of freedom =       28

    Ha: diff < 0                 Ha: diff != 0                 Ha: diff > 0
 Pr(T < t) = 0.0008         Pr(|T| > |t|) = 0.0016          Pr(T > t) = 0.9992

. 
. 
end of do-file

. do "C:\Users\Danny\AppData\Local\Temp\STD42fc_000000.tmp"

. summarize payroll

    Variable |        Obs        Mean    Std. dev.       Min        Max
-------------+---------------------------------------------------------
     payroll |         30    42170.28    17830.28     8317.5   73995.92

. 
. display "Average payroll (in thousands) = " `r(mean)'
Average payroll (in thousands) = 42170.282

. return list

scalars:
                  r(N) =  30
              r(sum_w) =  30
               r(mean) =  42170.28226666667
                r(Var) =  317918867.8217901
                 r(sd) =  17830.27952169539
                r(min) =  8317.5
                r(max) =  73995.921
                r(sum) =  1265108.468

. 
end of do-file

. exit, clear
